{"numFailedTestSuites":0,"numFailedTests":0,"numPassedTestSuites":4,"numPassedTests":91,"numPendingTestSuites":0,"numPendingTests":0,"numRuntimeErrorTestSuites":0,"numTodoTests":0,"numTotalTestSuites":4,"numTotalTests":91,"openHandles":[],"snapshot":{"added":0,"didUpdate":false,"failure":false,"filesAdded":0,"filesRemoved":0,"filesRemovedList":[],"filesUnmatched":0,"filesUpdated":0,"matched":0,"total":0,"unchecked":0,"uncheckedKeysByFile":[],"unmatched":0,"updated":0},"startTime":1773686132001,"success":true,"testResults":[{"assertionResults":[{"ancestorTitles":["normalizeDependencia"],"duration":2,"failing":false,"failureDetails":[],"failureMessages":[],"fullName":"normalizeDependencia returns IMSS_ACTIVOS for \"IMSS\"","invocations":1,"location":null,"numPassingAsserts":1,"retryReasons":[],"startAt":1773686132283,"status":"passed","title":"returns IMSS_ACTIVOS for \"IMSS\""},{"ancestorTitles":["normalizeDependencia"],"duration":1,"failing":false,"failureDetails":[],"failureMessages":[],"fullName":"normalizeDependencia returns IMSS_JUBILADOS for \"IMSS JUBILADOS\"","invocations":1,"location":null,"numPassingAsserts":1,"retryReasons":[],"startAt":1773686132286,"status":"passed","title":"returns IMSS_JUBILADOS for \"IMSS JUBILADOS\""},{"ancestorTitles":["normalizeDependencia"],"duration":0,"failing":false,"failureDetails":[],"failureMessages":[],"fullName":"normalizeDependencia returns IMSS_JUBILADOS for \"IMSS JUB.\"","invocations":1,"location":null,"numPassingAsserts":1,"retryReasons":[],"startAt":1773686132287,"status":"passed","title":"returns IMSS_JUBILADOS for \"IMSS JUB.\""},{"ancestorTitles":["normalizeDependencia"],"duration":1,"failing":false,"failureDetails":[],"failureMessages":[],"fullName":"normalizeDependencia returns ISSSTE for \"ISSSTE\"","invocations":1,"location":null,"numPassingAsserts":1,"retryReasons":[],"startAt":1773686132287,"status":"passed","title":"returns ISSSTE for \"ISSSTE\""},{"ancestorTitles":["normalizeDependencia"],"duration":0,"failing":false,"failureDetails":[],"failureMessages":[],"fullName":"normalizeDependencia returns SEP for \"SEP\"","invocations":1,"location":null,"numPassingAsserts":1,"retryReasons":[],"startAt":1773686132288,"status":"passed","title":"returns SEP for \"SEP\""},{"ancestorTitles":["normalizeDependencia"],"duration":1,"failing":false,"failureDetails":[],"failureMessages":[],"fullName":"normalizeDependencia returns GOB_CDMX for \"GOBIERNO CDMX\"","invocations":1,"location":null,"numPassingAsserts":1,"retryReasons":[],"startAt":1773686132288,"status":"passed","title":"returns GOB_CDMX for \"GOBIERNO CDMX\""},{"ancestorTitles":["normalizeDependencia"],"duration":0,"failing":false,"failureDetails":[],"failureMessages":[],"fullName":"normalizeDependencia returns GOB_CDMX for \"CIUDAD DE MEXICO\"","invocations":1,"location":null,"numPassingAsserts":1,"retryReasons":[],"startAt":1773686132289,"status":"passed","title":"returns GOB_CDMX for \"CIUDAD DE MEXICO\""},{"ancestorTitles":["normalizeDependencia"],"duration":1,"failing":false,"failureDetails":[],"failureMessages":[],"fullName":"normalizeDependencia returns GOBIERNO for generic \"GOBIERNO ESTATAL\"","invocations":1,"location":null,"numPassingAsserts":1,"retryReasons":[],"startAt":1773686132289,"status":"passed","title":"returns GOBIERNO for generic \"GOBIERNO ESTATAL\""},{"ancestorTitles":["normalizeDependencia"],"duration":0,"failing":false,"failureDetails":[],"failureMessages":[],"fullName":"normalizeDependencia returns OTRA for unknown","invocations":1,"location":null,"numPassingAsserts":1,"retryReasons":[],"startAt":1773686132290,"status":"passed","title":"returns OTRA for unknown"},{"ancestorTitles":["normalizeDependencia"],"duration":0,"failing":false,"failureDetails":[],"failureMessages":[],"fullName":"normalizeDependencia returns SIN_DEPENDENCIA for empty string","invocations":1,"location":null,"numPassingAsserts":1,"retryReasons":[],"startAt":1773686132291,"status":"passed","title":"returns SIN_DEPENDENCIA for empty string"},{"ancestorTitles":["normalizeDependencia"],"duration":0,"failing":false,"failureDetails":[],"failureMessages":[],"fullName":"normalizeDependencia returns SIN_DEPENDENCIA for null","invocations":1,"location":null,"numPassingAsserts":1,"retryReasons":[],"startAt":1773686132291,"status":"passed","title":"returns SIN_DEPENDENCIA for null"},{"ancestorTitles":["normalizeDependencia"],"duration":0,"failing":false,"failureDetails":[],"failureMessages":[],"fullName":"normalizeDependencia is case-insensitive","invocations":1,"location":null,"numPassingAsserts":2,"retryReasons":[],"startAt":1773686132292,"status":"passed","title":"is case-insensitive"},{"ancestorTitles":["getDependenciaRequirements — IMSS Activos + nómina"],"duration":1,"failing":false,"failureDetails":[],"failureMessages":[],"fullName":"getDependenciaRequirements — IMSS Activos + nómina includes ine_frente","invocations":1,"location":null,"numPassingAsserts":1,"retryReasons":[],"startAt":1773686132292,"status":"passed","title":"includes ine_frente"},{"ancestorTitles":["getDependenciaRequirements — IMSS Activos + nómina"],"duration":0,"failing":false,"failureDetails":[],"failureMessages":[],"fullName":"getDependenciaRequirements — IMSS Activos + nómina includes ine_reverso","invocations":1,"location":null,"numPassingAsserts":1,"retryReasons":[],"startAt":1773686132293,"status":"passed","title":"includes ine_reverso"},{"ancestorTitles":["getDependenciaRequirements — IMSS Activos + nómina"],"duration":0,"failing":false,"failureDetails":[],"failureMessages":[],"fullName":"getDependenciaRequirements — IMSS Activos + nómina includes talon (nomina)","invocations":1,"location":null,"numPassingAsserts":1,"retryReasons":[],"startAt":1773686132293,"status":"passed","title":"includes talon (nomina)"},{"ancestorTitles":["getDependenciaRequirements — IMSS Activos + nómina"],"duration":1,"failing":false,"failureDetails":[],"failureMessages":[],"fullName":"getDependenciaRequirements — IMSS Activos + nómina includes solicitud_p1","invocations":1,"location":null,"numPassingAsserts":1,"retryReasons":[],"startAt":1773686132293,"status":"passed","title":"includes solicitud_p1"},{"ancestorTitles":["getDependenciaRequirements — IMSS Activos + nómina"],"duration":0,"failing":false,"failureDetails":[],"failureMessages":[],"fullName":"getDependenciaRequirements — IMSS Activos + nómina includes solicitud_p2","invocations":1,"location":null,"numPassingAsserts":1,"retryReasons":[],"startAt":1773686132294,"status":"passed","title":"includes solicitud_p2"},{"ancestorTitles":["getDependenciaRequirements — IMSS Activos + nómina"],"duration":5,"failing":false,"failureDetails":[],"failureMessages":[],"fullName":"getDependenciaRequirements — IMSS Activos + nómina includes solicitud_p3","invocations":1,"location":null,"numPassingAsserts":1,"retryReasons":[],"startAt":1773686132294,"status":"passed","title":"includes solicitud_p3"},{"ancestorTitles":["getDependenciaRequirements — IMSS Activos + nómina"],"duration":1,"failing":false,"failureDetails":[],"failureMessages":[],"fullName":"getDependenciaRequirements — IMSS Activos + nómina does NOT include carta_instruccion","invocations":1,"location":null,"numPassingAsserts":1,"retryReasons":[],"startAt":1773686132299,"status":"passed","title":"does NOT include carta_instruccion"},{"ancestorTitles":["getDependenciaRequirements — IMSS Activos + nómina"],"duration":0,"failing":false,"failureDetails":[],"failureMessages":[],"fullName":"getDependenciaRequirements — IMSS Activos + nómina does NOT include constancia_derechohabiente","invocations":1,"location":null,"numPassingAsserts":1,"retryReasons":[],"startAt":1773686132300,"status":"passed","title":"does NOT include constancia_derechohabiente"},{"ancestorTitles":["getDependenciaRequirements — IMSS Activos + nómina"],"duration":0,"failing":false,"failureDetails":[],"failureMessages":[],"fullName":"getDependenciaRequirements — IMSS Activos + nómina does NOT include clave_unica_pago","invocations":1,"location":null,"numPassingAsserts":1,"retryReasons":[],"startAt":1773686132300,"status":"passed","title":"does NOT include clave_unica_pago"},{"ancestorTitles":["getDependenciaRequirements — IMSS Activos + nómina"],"duration":1,"failing":false,"failureDetails":[],"failureMessages":[],"fullName":"getDependenciaRequirements — IMSS Activos + nómina all signature docs are required","invocations":1,"location":null,"numPassingAsserts":1,"retryReasons":[],"startAt":1773686132300,"status":"passed","title":"all signature docs are required"},{"ancestorTitles":["getDependenciaRequirements — IMSS Jubilados + nómina"],"duration":0,"failing":false,"failureDetails":[],"failureMessages":[],"fullName":"getDependenciaRequirements — IMSS Jubilados + nómina includes carta_instruccion (required)","invocations":1,"location":null,"numPassingAsserts":2,"retryReasons":[],"startAt":1773686132301,"status":"passed","title":"includes carta_instruccion (required)"},{"ancestorTitles":["getDependenciaRequirements — IMSS Jubilados + nómina"],"duration":1,"failing":false,"failureDetails":[],"failureMessages":[],"fullName":"getDependenciaRequirements — IMSS Jubilados + nómina includes talon","invocations":1,"location":null,"numPassingAsserts":1,"retryReasons":[],"startAt":1773686132301,"status":"passed","title":"includes talon"},{"ancestorTitles":["getDependenciaRequirements — IMSS Jubilados + nómina"],"duration":0,"failing":false,"failureDetails":[],"failureMessages":[],"fullName":"getDependenciaRequirements — IMSS Jubilados + nómina includes signature docs p1-p3","invocations":1,"location":null,"numPassingAsserts":3,"retryReasons":[],"startAt":1773686132302,"status":"passed","title":"includes signature docs p1-p3"},{"ancestorTitles":["getDependenciaRequirements — ISSSTE + nómina"],"duration":0,"failing":false,"failureDetails":[],"failureMessages":[],"fullName":"getDependenciaRequirements — ISSSTE + nómina includes constancia_derechohabiente (optional)","invocations":1,"location":null,"numPassingAsserts":2,"retryReasons":[],"startAt":1773686132302,"status":"passed","title":"includes constancia_derechohabiente (optional)"},{"ancestorTitles":["getDependenciaRequirements — ISSSTE + nómina"],"duration":1,"failing":false,"failureDetails":[],"failureMessages":[],"fullName":"getDependenciaRequirements — ISSSTE + nómina does NOT include carta_instruccion","invocations":1,"location":null,"numPassingAsserts":1,"retryReasons":[],"startAt":1773686132302,"status":"passed","title":"does NOT include carta_instruccion"},{"ancestorTitles":["getDependenciaRequirements — SEP + nómina"],"duration":0,"failing":false,"failureDetails":[],"failureMessages":[],"fullName":"getDependenciaRequirements — SEP + nómina includes clave_unica_pago (optional)","invocations":1,"location":null,"numPassingAsserts":2,"retryReasons":[],"startAt":1773686132303,"status":"passed","title":"includes clave_unica_pago (optional)"},{"ancestorTitles":["getDependenciaRequirements — SEP + nómina"],"duration":0,"failing":false,"failureDetails":[],"failureMessages":[],"fullName":"getDependenciaRequirements — SEP + nómina does NOT include carta_instruccion","invocations":1,"location":null,"numPassingAsserts":1,"retryReasons":[],"startAt":1773686132303,"status":"passed","title":"does NOT include carta_instruccion"},{"ancestorTitles":["getDependenciaRequirements — SEP + nómina"],"duration":0,"failing":false,"failureDetails":[],"failureMessages":[],"fullName":"getDependenciaRequirements — SEP + nómina does NOT include constancia_derechohabiente","invocations":1,"location":null,"numPassingAsserts":1,"retryReasons":[],"startAt":1773686132303,"status":"passed","title":"does NOT include constancia_derechohabiente"},{"ancestorTitles":["getDependenciaRequirements — Gobierno CDMX + nómina"],"duration":1,"failing":false,"failureDetails":[],"failureMessages":[],"fullName":"getDependenciaRequirements — Gobierno CDMX + nómina includes signature docs","invocations":1,"location":null,"numPassingAsserts":3,"retryReasons":[],"startAt":1773686132303,"status":"passed","title":"includes signature docs"},{"ancestorTitles":["getDependenciaRequirements — Gobierno CDMX + nómina"],"duration":0,"failing":false,"failureDetails":[],"failureMessages":[],"fullName":"getDependenciaRequirements — Gobierno CDMX + nómina does NOT include carta_instruccion","invocations":1,"location":null,"numPassingAsserts":1,"retryReasons":[],"startAt":1773686132304,"status":"passed","title":"does NOT include carta_instruccion"},{"ancestorTitles":["getDependenciaRequirements — CLABE payment (no nómina)"],"duration":0,"failing":false,"failureDetails":[],"failureMessages":[],"fullName":"getDependenciaRequirements — CLABE payment (no nómina) does NOT include talon when forma_cobro=clabe","invocations":1,"location":null,"numPassingAsserts":1,"retryReasons":[],"startAt":1773686132304,"status":"passed","title":"does NOT include talon when forma_cobro=clabe"},{"ancestorTitles":["getDependenciaRequirements — CLABE payment (no nómina)"],"duration":0,"failing":false,"failureDetails":[],"failureMessages":[],"fullName":"getDependenciaRequirements — CLABE payment (no nómina) includes ine_frente and ine_reverso","invocations":1,"location":null,"numPassingAsserts":2,"retryReasons":[],"startAt":1773686132304,"status":"passed","title":"includes ine_frente and ine_reverso"},{"ancestorTitles":["getMissingRequiredDocs"],"duration":1,"failing":false,"failureDetails":[],"failureMessages":[],"fullName":"getMissingRequiredDocs returns empty when all required docs are present for IMSS+nómina","invocations":1,"location":null,"numPassingAsserts":1,"retryReasons":[],"startAt":1773686132304,"status":"passed","title":"returns empty when all required docs are present for IMSS+nómina"},{"ancestorTitles":["getMissingRequiredDocs"],"duration":0,"failing":false,"failureDetails":[],"failureMessages":[],"fullName":"getMissingRequiredDocs returns talon as missing when forma_cobro=nomina and talon not uploaded","invocations":1,"location":null,"numPassingAsserts":1,"retryReasons":[],"startAt":1773686132305,"status":"passed","title":"returns talon as missing when forma_cobro=nomina and talon not uploaded"},{"ancestorTitles":["getMissingRequiredDocs"],"duration":1,"failing":false,"failureDetails":[],"failureMessages":[],"fullName":"getMissingRequiredDocs returns carta_instruccion as missing for IMSS Jubilados without it","invocations":1,"location":null,"numPassingAsserts":1,"retryReasons":[],"startAt":1773686132305,"status":"passed","title":"returns carta_instruccion as missing for IMSS Jubilados without it"},{"ancestorTitles":["getMissingRequiredDocs"],"duration":0,"failing":false,"failureDetails":[],"failureMessages":[],"fullName":"getMissingRequiredDocs does NOT flag clave_unica_pago as missing for SEP (it is optional)","invocations":1,"location":null,"numPassingAsserts":1,"retryReasons":[],"startAt":1773686132306,"status":"passed","title":"does NOT flag clave_unica_pago as missing for SEP (it is optional)"},{"ancestorTitles":["getMissingRequiredDocs"],"duration":0,"failing":false,"failureDetails":[],"failureMessages":[],"fullName":"getMissingRequiredDocs does NOT flag constancia_derechohabiente as missing for ISSSTE (it is optional)","invocations":1,"location":null,"numPassingAsserts":1,"retryReasons":[],"startAt":1773686132306,"status":"passed","title":"does NOT flag constancia_derechohabiente as missing for ISSSTE (it is optional)"}],"endTime":1773686132308,"message":"","name":"/home/clawd/.openclaw/workspace/solicitud-vidamas/qa/tests/dependencia-rules.test.ts","startTime":1773686132194,"status":"passed","summary":""},{"assertionResults":[{"ancestorTitles":["deriveIntakeStatus — IMSS Activos + nómina"],"duration":1,"failing":false,"failureDetails":[],"failureMessages":[],"fullName":"deriveIntakeStatus — IMSS Activos + nómina returns ready_for_emision when all required docs uploaded","invocations":1,"location":null,"numPassingAsserts":2,"retryReasons":[],"startAt":1773686132332,"status":"passed","title":"returns ready_for_emision when all required docs uploaded"},{"ancestorTitles":["deriveIntakeStatus — IMSS Activos + nómina"],"duration":0,"failing":false,"failureDetails":[],"failureMessages":[],"fullName":"deriveIntakeStatus — IMSS Activos + nómina returns pending_verification when docs OK but video missing","invocations":1,"location":null,"numPassingAsserts":2,"retryReasons":[],"startAt":1773686132333,"status":"passed","title":"returns pending_verification when docs OK but video missing"},{"ancestorTitles":["deriveIntakeStatus — IMSS Activos + nómina"],"duration":0,"failing":false,"failureDetails":[],"failureMessages":[],"fullName":"deriveIntakeStatus — IMSS Activos + nómina returns pending_docs when talon is missing","invocations":1,"location":null,"numPassingAsserts":2,"retryReasons":[],"startAt":1773686132334,"status":"passed","title":"returns pending_docs when talon is missing"},{"ancestorTitles":["deriveIntakeStatus — IMSS Activos + nómina"],"duration":0,"failing":false,"failureDetails":[],"failureMessages":[],"fullName":"deriveIntakeStatus — IMSS Activos + nómina returns pending_docs when INE docs are missing","invocations":1,"location":null,"numPassingAsserts":1,"retryReasons":[],"startAt":1773686132334,"status":"passed","title":"returns pending_docs when INE docs are missing"},{"ancestorTitles":["deriveIntakeStatus — IMSS Jubilados"],"duration":0,"failing":false,"failureDetails":[],"failureMessages":[],"fullName":"deriveIntakeStatus — IMSS Jubilados returns pending_docs when carta_instruccion is missing","invocations":1,"location":null,"numPassingAsserts":2,"retryReasons":[],"startAt":1773686132335,"status":"passed","title":"returns pending_docs when carta_instruccion is missing"},{"ancestorTitles":["deriveIntakeStatus — IMSS Jubilados"],"duration":0,"failing":false,"failureDetails":[],"failureMessages":[],"fullName":"deriveIntakeStatus — IMSS Jubilados returns ready_for_emision when carta_instruccion is present + video","invocations":1,"location":null,"numPassingAsserts":1,"retryReasons":[],"startAt":1773686132335,"status":"passed","title":"returns ready_for_emision when carta_instruccion is present + video"},{"ancestorTitles":["deriveIntakeStatus — CLABE payment"],"duration":1,"failing":false,"failureDetails":[],"failureMessages":[],"fullName":"deriveIntakeStatus — CLABE payment returns pending_docs when INE missing (no talon needed for CLABE)","invocations":1,"location":null,"numPassingAsserts":2,"retryReasons":[],"startAt":1773686132335,"status":"passed","title":"returns pending_docs when INE missing (no talon needed for CLABE)"},{"ancestorTitles":["deriveIntakeStatus — CLABE payment"],"duration":0,"failing":false,"failureDetails":[],"failureMessages":[],"fullName":"deriveIntakeStatus — CLABE payment does NOT list talon as missing for CLABE payment","invocations":1,"location":null,"numPassingAsserts":1,"retryReasons":[],"startAt":1773686132336,"status":"passed","title":"does NOT list talon as missing for CLABE payment"}],"endTime":1773686132337,"message":"","name":"/home/clawd/.openclaw/workspace/solicitud-vidamas/qa/tests/intake-status.test.ts","startTime":1773686132315,"status":"passed","summary":""},{"assertionResults":[{"ancestorTitles":["validateBeneficiarios"],"duration":1,"failing":false,"failureDetails":[],"failureMessages":[],"fullName":"validateBeneficiarios passes for single beneficiario at 100%","invocations":1,"location":null,"numPassingAsserts":2,"retryReasons":[],"startAt":1773686132357,"status":"passed","title":"passes for single beneficiario at 100%"},{"ancestorTitles":["validateBeneficiarios"],"duration":0,"failing":false,"failureDetails":[],"failureMessages":[],"fullName":"validateBeneficiarios passes for two beneficiarios summing to 100%","invocations":1,"location":null,"numPassingAsserts":1,"retryReasons":[],"startAt":1773686132358,"status":"passed","title":"passes for two beneficiarios summing to 100%"},{"ancestorTitles":["validateBeneficiarios"],"duration":1,"failing":false,"failureDetails":[],"failureMessages":[],"fullName":"validateBeneficiarios fails when beneficiarios is empty","invocations":1,"location":null,"numPassingAsserts":2,"retryReasons":[],"startAt":1773686132358,"status":"passed","title":"fails when beneficiarios is empty"},{"ancestorTitles":["validateBeneficiarios"],"duration":0,"failing":false,"failureDetails":[],"failureMessages":[],"fullName":"validateBeneficiarios fails when sum < 100","invocations":1,"location":null,"numPassingAsserts":2,"retryReasons":[],"startAt":1773686132359,"status":"passed","title":"fails when sum < 100"},{"ancestorTitles":["validateBeneficiarios"],"duration":0,"failing":false,"failureDetails":[],"failureMessages":[],"fullName":"validateBeneficiarios fails when sum > 100","invocations":1,"location":null,"numPassingAsserts":2,"retryReasons":[],"startAt":1773686132359,"status":"passed","title":"fails when sum > 100"},{"ancestorTitles":["validateBeneficiarios"],"duration":0,"failing":false,"failureDetails":[],"failureMessages":[],"fullName":"validateBeneficiarios allows float drift (e.g. 33.33+33.33+33.34)","invocations":1,"location":null,"numPassingAsserts":1,"retryReasons":[],"startAt":1773686132360,"status":"passed","title":"allows float drift (e.g. 33.33+33.33+33.34)"},{"ancestorTitles":["validateBeneficiarios"],"duration":0,"failing":false,"failureDetails":[],"failureMessages":[],"fullName":"validateBeneficiarios fails when porcentaje is 0","invocations":1,"location":null,"numPassingAsserts":1,"retryReasons":[],"startAt":1773686132360,"status":"passed","title":"fails when porcentaje is 0"},{"ancestorTitles":["validateBeneficiarios"],"duration":1,"failing":false,"failureDetails":[],"failureMessages":[],"fullName":"validateBeneficiarios fails when beneficiario missing nombres","invocations":1,"location":null,"numPassingAsserts":2,"retryReasons":[],"startAt":1773686132360,"status":"passed","title":"fails when beneficiario missing nombres"},{"ancestorTitles":["validateBeneficiarios"],"duration":0,"failing":false,"failureDetails":[],"failureMessages":[],"fullName":"validateBeneficiarios fails when beneficiario missing parentesco","invocations":1,"location":null,"numPassingAsserts":2,"retryReasons":[],"startAt":1773686132361,"status":"passed","title":"fails when beneficiario missing parentesco"},{"ancestorTitles":["validateBeneficiarios"],"duration":0,"failing":false,"failureDetails":[],"failureMessages":[],"fullName":"validateBeneficiarios fails when beneficiario missing fecha_nac","invocations":1,"location":null,"numPassingAsserts":1,"retryReasons":[],"startAt":1773686132361,"status":"passed","title":"fails when beneficiario missing fecha_nac"},{"ancestorTitles":["validateBeneficiarios"],"duration":0,"failing":false,"failureDetails":[],"failureMessages":[],"fullName":"validateBeneficiarios allows multiple beneficiarios with non-round sums at 100","invocations":1,"location":null,"numPassingAsserts":1,"retryReasons":[],"startAt":1773686132361,"status":"passed","title":"allows multiple beneficiarios with non-round sums at 100"},{"ancestorTitles":["validateContratante"],"duration":0,"failing":false,"failureDetails":[],"failureMessages":[],"fullName":"validateContratante passes for fully populated contratante","invocations":1,"location":null,"numPassingAsserts":1,"retryReasons":[],"startAt":1773686132362,"status":"passed","title":"passes for fully populated contratante"},{"ancestorTitles":["validateContratante"],"duration":0,"failing":false,"failureDetails":[],"failureMessages":[],"fullName":"validateContratante fails when nombres is empty","invocations":1,"location":null,"numPassingAsserts":2,"retryReasons":[],"startAt":1773686132362,"status":"passed","title":"fails when nombres is empty"},{"ancestorTitles":["validateContratante"],"duration":0,"failing":false,"failureDetails":[],"failureMessages":[],"fullName":"validateContratante fails when email is empty","invocations":1,"location":null,"numPassingAsserts":1,"retryReasons":[],"startAt":1773686132362,"status":"passed","title":"fails when email is empty"},{"ancestorTitles":["validateContratante"],"duration":0,"failing":false,"failureDetails":[],"failureMessages":[],"fullName":"validateContratante fails when dependencia is empty","invocations":1,"location":null,"numPassingAsserts":1,"retryReasons":[],"startAt":1773686132363,"status":"passed","title":"fails when dependencia is empty"},{"ancestorTitles":["validateAsegurado — misma_persona=true"],"duration":0,"failing":false,"failureDetails":[],"failureMessages":[],"fullName":"validateAsegurado — misma_persona=true passes without asegurado fields when misma_persona=true","invocations":1,"location":null,"numPassingAsserts":1,"retryReasons":[],"startAt":1773686132363,"status":"passed","title":"passes without asegurado fields when misma_persona=true"},{"ancestorTitles":["validateAsegurado — misma_persona=false"],"duration":0,"failing":false,"failureDetails":[],"failureMessages":[],"fullName":"validateAsegurado — misma_persona=false fails when asegurado_nombres is empty","invocations":1,"location":null,"numPassingAsserts":1,"retryReasons":[],"startAt":1773686132363,"status":"passed","title":"fails when asegurado_nombres is empty"},{"ancestorTitles":["validateAsegurado — misma_persona=false"],"duration":1,"failing":false,"failureDetails":[],"failureMessages":[],"fullName":"validateAsegurado — misma_persona=false passes when all asegurado fields are provided","invocations":1,"location":null,"numPassingAsserts":1,"retryReasons":[],"startAt":1773686132363,"status":"passed","title":"passes when all asegurado fields are provided"},{"ancestorTitles":["extractAsegurado — misma_persona mirror"],"duration":0,"failing":false,"failureDetails":[],"failureMessages":[],"fullName":"extractAsegurado — misma_persona mirror mirrors contratante fields when misma_persona=true","invocations":1,"location":null,"numPassingAsserts":5,"retryReasons":[],"startAt":1773686132364,"status":"passed","title":"mirrors contratante fields when misma_persona=true"},{"ancestorTitles":["extractAsegurado — misma_persona mirror"],"duration":0,"failing":false,"failureDetails":[],"failureMessages":[],"fullName":"extractAsegurado — misma_persona mirror uses asegurado fields when misma_persona=false","invocations":1,"location":null,"numPassingAsserts":3,"retryReasons":[],"startAt":1773686132364,"status":"passed","title":"uses asegurado fields when misma_persona=false"},{"ancestorTitles":["extractCobroInfo"],"duration":1,"failing":false,"failureDetails":[],"failureMessages":[],"fullName":"extractCobroInfo extracts nomina fields correctly","invocations":1,"location":null,"numPassingAsserts":2,"retryReasons":[],"startAt":1773686132364,"status":"passed","title":"extracts nomina fields correctly"},{"ancestorTitles":["extractCobroInfo"],"duration":0,"failing":false,"failureDetails":[],"failureMessages":[],"fullName":"extractCobroInfo extracts CLABE fields correctly","invocations":1,"location":null,"numPassingAsserts":4,"retryReasons":[],"startAt":1773686132365,"status":"passed","title":"extracts CLABE fields correctly"},{"ancestorTitles":["validateSolicitudEntities — end-to-end"],"duration":0,"failing":false,"failureDetails":[],"failureMessages":[],"fullName":"validateSolicitudEntities — end-to-end passes for a fully valid nomina solicitud","invocations":1,"location":null,"numPassingAsserts":2,"retryReasons":[],"startAt":1773686132365,"status":"passed","title":"passes for a fully valid nomina solicitud"},{"ancestorTitles":["validateSolicitudEntities — end-to-end"],"duration":1,"failing":false,"failureDetails":[],"failureMessages":[],"fullName":"validateSolicitudEntities — end-to-end aggregates errors from contratante + beneficiarios","invocations":1,"location":null,"numPassingAsserts":2,"retryReasons":[],"startAt":1773686132365,"status":"passed","title":"aggregates errors from contratante + beneficiarios"},{"ancestorTitles":["Constants — dropdown values"],"duration":0,"failing":false,"failureDetails":[],"failureMessages":[],"fullName":"Constants — dropdown values PARENTESCOS has at least 5 entries","invocations":1,"location":null,"numPassingAsserts":1,"retryReasons":[],"startAt":1773686132366,"status":"passed","title":"PARENTESCOS has at least 5 entries"},{"ancestorTitles":["Constants — dropdown values"],"duration":0,"failing":false,"failureDetails":[],"failureMessages":[],"fullName":"Constants — dropdown values PARENTESCOS includes expected values","invocations":1,"location":null,"numPassingAsserts":4,"retryReasons":[],"startAt":1773686132366,"status":"passed","title":"PARENTESCOS includes expected values"},{"ancestorTitles":["Constants — dropdown values"],"duration":0,"failing":false,"failureDetails":[],"failureMessages":[],"fullName":"Constants — dropdown values ESTADOS_MX has all 32 states+CDMX (32 entries)","invocations":1,"location":null,"numPassingAsserts":1,"retryReasons":[],"startAt":1773686132367,"status":"passed","title":"ESTADOS_MX has all 32 states+CDMX (32 entries)"},{"ancestorTitles":["Constants — dropdown values"],"duration":0,"failing":false,"failureDetails":[],"failureMessages":[],"fullName":"Constants — dropdown values ESTADOS_MX includes Ciudad de México","invocations":1,"location":null,"numPassingAsserts":1,"retryReasons":[],"startAt":1773686132367,"status":"passed","title":"ESTADOS_MX includes Ciudad de México"},{"ancestorTitles":["Constants — dropdown values"],"duration":0,"failing":false,"failureDetails":[],"failureMessages":[],"fullName":"Constants — dropdown values DEPENDENCIAS includes IMSS, ISSSTE, SEP","invocations":1,"location":null,"numPassingAsserts":3,"retryReasons":[],"startAt":1773686132367,"status":"passed","title":"DEPENDENCIAS includes IMSS, ISSSTE, SEP"}],"endTime":1773686132368,"message":"","name":"/home/clawd/.openclaw/workspace/solicitud-vidamas/qa/tests/types-validation.test.ts","startTime":1773686132342,"status":"passed","summary":""},{"assertionResults":[{"ancestorTitles":["matchFoliosByDependencia"],"duration":1,"failing":false,"failureDetails":[],"failureMessages":[],"fullName":"matchFoliosByDependencia returns IMSS folios for \"IMSS\" input","invocations":1,"location":null,"numPassingAsserts":2,"retryReasons":[],"startAt":1773686132388,"status":"passed","title":"returns IMSS folios for \"IMSS\" input"},{"ancestorTitles":["matchFoliosByDependencia"],"duration":0,"failing":false,"failureDetails":[],"failureMessages":[],"fullName":"matchFoliosByDependencia returns ISSSTE folios for \"ISSSTE\" input","invocations":1,"location":null,"numPassingAsserts":2,"retryReasons":[],"startAt":1773686132389,"status":"passed","title":"returns ISSSTE folios for \"ISSSTE\" input"},{"ancestorTitles":["matchFoliosByDependencia"],"duration":1,"failing":false,"failureDetails":[],"failureMessages":[],"fullName":"matchFoliosByDependencia returns SEP folios for \"SEP\" input","invocations":1,"location":null,"numPassingAsserts":1,"retryReasons":[],"startAt":1773686132389,"status":"passed","title":"returns SEP folios for \"SEP\" input"},{"ancestorTitles":["matchFoliosByDependencia"],"duration":0,"failing":false,"failureDetails":[],"failureMessages":[],"fullName":"matchFoliosByDependencia returns GOB CDMX folio for \"CDMX\" input","invocations":1,"location":null,"numPassingAsserts":2,"retryReasons":[],"startAt":1773686132390,"status":"passed","title":"returns GOB CDMX folio for \"CDMX\" input"},{"ancestorTitles":["matchFoliosByDependencia"],"duration":0,"failing":false,"failureDetails":[],"failureMessages":[],"fullName":"matchFoliosByDependencia returns empty for unknown dependencia","invocations":1,"location":null,"numPassingAsserts":1,"retryReasons":[],"startAt":1773686132390,"status":"passed","title":"returns empty for unknown dependencia"},{"ancestorTitles":["matchFoliosByDependencia"],"duration":0,"failing":false,"failureDetails":[],"failureMessages":[],"fullName":"matchFoliosByDependencia returns empty for null/empty input","invocations":1,"location":null,"numPassingAsserts":2,"retryReasons":[],"startAt":1773686132390,"status":"passed","title":"returns empty for null/empty input"},{"ancestorTitles":["matchFoliosByDependencia"],"duration":1,"failing":false,"failureDetails":[],"failureMessages":[],"fullName":"matchFoliosByDependencia is case-insensitive","invocations":1,"location":null,"numPassingAsserts":1,"retryReasons":[],"startAt":1773686132390,"status":"passed","title":"is case-insensitive"},{"ancestorTitles":["matchTipoContratacion"],"duration":0,"failing":false,"failureDetails":[],"failureMessages":[],"fullName":"matchTipoContratacion returns correct rule for TC=01 (Confianza)","invocations":1,"location":null,"numPassingAsserts":5,"retryReasons":[],"startAt":1773686132391,"status":"passed","title":"returns correct rule for TC=01 (Confianza)"},{"ancestorTitles":["matchTipoContratacion"],"duration":0,"failing":false,"failureDetails":[],"failureMessages":[],"fullName":"matchTipoContratacion returns Jub. Ant. for TC=10","invocations":1,"location":null,"numPassingAsserts":4,"retryReasons":[],"startAt":1773686132391,"status":"passed","title":"returns Jub. Ant. for TC=10"},{"ancestorTitles":["matchTipoContratacion"],"duration":1,"failing":false,"failureDetails":[],"failureMessages":[],"fullName":"matchTipoContratacion returns undefined for unknown TC","invocations":1,"location":null,"numPassingAsserts":1,"retryReasons":[],"startAt":1773686132391,"status":"passed","title":"returns undefined for unknown TC"},{"ancestorTitles":["matchTipoContratacion"],"duration":0,"failing":false,"failureDetails":[],"failureMessages":[],"fullName":"matchTipoContratacion is case-insensitive for MANDOS","invocations":1,"location":null,"numPassingAsserts":2,"retryReasons":[],"startAt":1773686132392,"status":"passed","title":"is case-insensitive for MANDOS"},{"ancestorTitles":["matchTipoContratacion"],"duration":0,"failing":false,"failureDetails":[],"failureMessages":[],"fullName":"matchTipoContratacion all TC rules have contrato field set","invocations":1,"location":null,"numPassingAsserts":8,"retryReasons":[],"startAt":1773686132392,"status":"passed","title":"all TC rules have contrato field set"},{"ancestorTitles":["FOLIO_RULES integrity"],"duration":1,"failing":false,"failureDetails":[],"failureMessages":[],"fullName":"FOLIO_RULES integrity all folio rules have at least one folio","invocations":1,"location":null,"numPassingAsserts":22,"retryReasons":[],"startAt":1773686132392,"status":"passed","title":"all folio rules have at least one folio"},{"ancestorTitles":["FOLIO_RULES integrity"],"duration":1,"failing":false,"failureDetails":[],"failureMessages":[],"fullName":"FOLIO_RULES integrity all folios start with N or P (GNP format)","invocations":1,"location":null,"numPassingAsserts":24,"retryReasons":[],"startAt":1773686132393,"status":"passed","title":"all folios start with N or P (GNP format)"},{"ancestorTitles":["FOLIO_RULES integrity"],"duration":0,"failing":false,"failureDetails":[],"failureMessages":[],"fullName":"FOLIO_RULES integrity no duplicate folio numbers across all rules","invocations":1,"location":null,"numPassingAsserts":1,"retryReasons":[],"startAt":1773686132395,"status":"passed","title":"no duplicate folio numbers across all rules"}],"endTime":1773686132395,"message":"","name":"/home/clawd/.openclaw/workspace/solicitud-vidamas/qa/tests/release-folder-rules.test.ts","startTime":1773686132372,"status":"passed","summary":""}],"wasInterrupted":false}
