<?xml version="1.0" encoding="UTF-8"?>
<testsuites name="jest tests" tests="49" failures="0" errors="0" time="0.35">
  <testsuite name="parseSATQRUrl" errors="0" failures="0" skipped="0" timestamp="2026-03-19T12:48:16" time="0.107" tests="19">
    <testcase classname="parseSATQRUrl parses a valid SAT QR URL" name="parseSATQRUrl parses a valid SAT QR URL" time="0.002">
    </testcase>
    <testcase classname="parseSATQRUrl returns null for non-SAT URL" name="parseSATQRUrl returns null for non-SAT URL" time="0">
    </testcase>
    <testcase classname="parseSATQRUrl returns null for malformed UUID" name="parseSATQRUrl returns null for malformed UUID" time="0.001">
    </testcase>
    <testcase classname="parseSATQRUrl returns null for missing required params" name="parseSATQRUrl returns null for missing required params" time="0">
    </testcase>
    <testcase classname="parseSATQRUrl normalizes UUID to uppercase" name="parseSATQRUrl normalizes UUID to uppercase" time="0">
    </testcase>
    <testcase classname="extractQRFromText finds a SAT QR URL embedded in OCR text" name="extractQRFromText finds a SAT QR URL embedded in OCR text" time="0.001">
    </testcase>
    <testcase classname="extractQRFromText returns null when no URL present" name="extractQRFromText returns null when no URL present" time="0.001">
    </testcase>
    <testcase classname="extractQRFromText returns null for empty string" name="extractQRFromText returns null for empty string" time="0">
    </testcase>
    <testcase classname="extractUUIDFromText extracts a bare UUID from text" name="extractUUIDFromText extracts a bare UUID from text" time="0.001">
    </testcase>
    <testcase classname="extractUUIDFromText returns null when no UUID in text" name="extractUUIDFromText returns null when no UUID in text" time="0.001">
    </testcase>
    <testcase classname="isValidCFDIUUID accepts valid UUID" name="isValidCFDIUUID accepts valid UUID" time="0">
    </testcase>
    <testcase classname="isValidCFDIUUID rejects non-UUID" name="isValidCFDIUUID rejects non-UUID" time="0.001">
    </testcase>
    <testcase classname="cfdiValidationToFinding returns null for valid status" name="cfdiValidationToFinding returns null for valid status" time="0.001">
    </testcase>
    <testcase classname="cfdiValidationToFinding returns null for skipped status" name="cfdiValidationToFinding returns null for skipped status" time="0">
    </testcase>
    <testcase classname="cfdiValidationToFinding returns hard stop finding for duplicate" name="cfdiValidationToFinding returns hard stop finding for duplicate" time="0.001">
    </testcase>
    <testcase classname="cfdiValidationToFinding returns hard stop finding for cancelled CFDI" name="cfdiValidationToFinding returns hard stop finding for cancelled CFDI" time="0">
    </testcase>
    <testcase classname="cfdiValidationToFinding returns flag finding for SAT unreachable" name="cfdiValidationToFinding returns flag finding for SAT unreachable" time="0">
    </testcase>
    <testcase classname="cfdiValidationToFinding returns flag finding for extraction_failed" name="cfdiValidationToFinding returns flag finding for extraction_failed" time="0">
    </testcase>
    <testcase classname="cfdiValidationToFinding returns flag finding for not_found" name="cfdiValidationToFinding returns flag finding for not_found" time="0.001">
    </testcase>
  </testsuite>
  <testsuite name="checkVideoDbLink" errors="0" failures="0" skipped="0" timestamp="2026-03-19T12:48:16" time="0.038" tests="30">
    <testcase classname="checkVideoDbLink returns failed with VIDEO_MISSING context when docs_video is null" name="checkVideoDbLink returns failed with VIDEO_MISSING context when docs_video is null" time="0.001">
    </testcase>
    <testcase classname="checkVideoDbLink returns failed when docs_video is undefined" name="checkVideoDbLink returns failed when docs_video is undefined" time="0">
    </testcase>
    <testcase classname="checkVideoDbLink returns failed when docs_video is empty string" name="checkVideoDbLink returns failed when docs_video is empty string" time="0.001">
    </testcase>
    <testcase classname="checkVideoDbLink returns failed when docs_video is whitespace only" name="checkVideoDbLink returns failed when docs_video is whitespace only" time="0">
    </testcase>
    <testcase classname="checkVideoDbLink returns ok with storage_path when docs_video has a value" name="checkVideoDbLink returns ok with storage_path when docs_video has a value" time="0">
    </testcase>
    <testcase classname="checkVideoDbLink trims whitespace from storage_path" name="checkVideoDbLink trims whitespace from storage_path" time="0">
    </testcase>
    <testcase classname="parseVideoBlob returns ok for a valid mp4 blob" name="parseVideoBlob returns ok for a valid mp4 blob" time="0">
    </testcase>
    <testcase classname="parseVideoBlob returns ok for unknown MIME type (storage may omit type)" name="parseVideoBlob returns ok for unknown MIME type (storage may omit type)" time="0">
    </testcase>
    <testcase classname="parseVideoBlob returns failed for non-video MIME type" name="parseVideoBlob returns failed for non-video MIME type" time="0">
    </testcase>
    <testcase classname="parseVideoBlob returns failed for suspiciously small blob (&lt; 1KB)" name="parseVideoBlob returns failed for suspiciously small blob (&lt; 1KB)" time="0">
    </testcase>
    <testcase classname="parseVideoBlob returns ok for quicktime (.mov) blob" name="parseVideoBlob returns ok for quicktime (.mov) blob" time="0">
    </testcase>
    <testcase classname="detectVideoStatements detects all 7 points in a complete transcript with existing policies" name="detectVideoStatements detects all 7 points in a complete transcript with existing policies" time="0.001">
    </testcase>
    <testcase classname="detectVideoStatements detects 6 required points when no existing policies" name="detectVideoStatements detects 6 required points when no existing policies" time="0.001">
    </testcase>
    <testcase classname="detectVideoStatements returns failed with missing points for incomplete transcript" name="detectVideoStatements returns failed with missing points for incomplete transcript" time="0.001">
    </testcase>
    <testcase classname="detectVideoStatements returns failed when transcript is empty" name="detectVideoStatements returns failed when transcript is empty" time="0.001">
    </testcase>
    <testcase classname="detectVideoStatements detects point 7 via &quot;no quiero cancelar&quot; pattern" name="detectVideoStatements detects point 7 via &quot;no quiero cancelar&quot; pattern" time="0">
    </testcase>
    <testcase classname="videoIngestResultToFinding returns null for complete+ok (clean video)" name="videoIngestResultToFinding returns null for complete+ok (clean video)" time="0">
    </testcase>
    <testcase classname="videoIngestResultToFinding returns null for skipped stage" name="videoIngestResultToFinding returns null for skipped stage" time="0">
    </testcase>
    <testcase classname="videoIngestResultToFinding returns VIDEO_MISSING finding for null docs_video" name="videoIngestResultToFinding returns VIDEO_MISSING finding for null docs_video" time="0.001">
    </testcase>
    <testcase classname="videoIngestResultToFinding returns VIDEO_DB_LINK_MISSING for empty string docs_video" name="videoIngestResultToFinding returns VIDEO_DB_LINK_MISSING for empty string docs_video" time="0">
    </testcase>
    <testcase classname="videoIngestResultToFinding returns VIDEO_STORAGE_NOT_FOUND for not-found storage error" name="videoIngestResultToFinding returns VIDEO_STORAGE_NOT_FOUND for not-found storage error" time="0.001">
    </testcase>
    <testcase classname="videoIngestResultToFinding returns VIDEO_STORAGE_ERROR for unexpected storage error" name="videoIngestResultToFinding returns VIDEO_STORAGE_ERROR for unexpected storage error" time="0">
    </testcase>
    <testcase classname="videoIngestResultToFinding returns VIDEO_PARSE_ERROR for parse failure" name="videoIngestResultToFinding returns VIDEO_PARSE_ERROR for parse failure" time="0">
    </testcase>
    <testcase classname="videoIngestResultToFinding returns VIDEO_TRANSCRIPT_ERROR for transcript failure" name="videoIngestResultToFinding returns VIDEO_TRANSCRIPT_ERROR for transcript failure" time="0">
    </testcase>
    <testcase classname="videoIngestResultToFinding returns VIDEO_FRAME_EXTRACTION_ERROR as flag (not stop)" name="videoIngestResultToFinding returns VIDEO_FRAME_EXTRACTION_ERROR as flag (not stop)" time="0">
    </testcase>
    <testcase classname="videoIngestResultToFinding returns VIDEO_INCOMPLETE_POINTS for statement detection failure with missing points" name="videoIngestResultToFinding returns VIDEO_INCOMPLETE_POINTS for statement detection failure with missing points" time="0.001">
    </testcase>
    <testcase classname="ingestVideo (unit — mocked supabase) returns db_link_check failure when docs_video is null" name="ingestVideo (unit — mocked supabase) returns db_link_check failure when docs_video is null" time="0">
    </testcase>
    <testcase classname="ingestVideo (unit — mocked supabase) returns storage_lookup failure when storage returns not-found error" name="ingestVideo (unit — mocked supabase) returns storage_lookup failure when storage returns not-found error" time="0.001">
    </testcase>
    <testcase classname="ingestVideo (unit — mocked supabase) returns parse failure when blob has wrong mime type" name="ingestVideo (unit — mocked supabase) returns parse failure when blob has wrong mime type" time="0">
    </testcase>
    <testcase classname="ingestVideo (unit — mocked supabase) returns complete/ok when video passes all stages with providers=none" name="ingestVideo (unit — mocked supabase) returns complete/ok when video passes all stages with providers=none" time="0">
    </testcase>
  </testsuite>
</testsuites>